[debug] [2020-06-06T18:32:05.476Z] ----------------------------------------------------------------------
[debug] [2020-06-06T18:32:05.478Z] Command:       C:\Program Files\nodejs\node.exe C:\Users\Ahsan Shahid\AppData\Roaming\npm\node_modules\firebase-tools\lib\bin\firebase.js deploy
[debug] [2020-06-06T18:32:05.478Z] CLI Version:   8.1.0
[debug] [2020-06-06T18:32:05.479Z] Platform:      win32
[debug] [2020-06-06T18:32:05.479Z] Node Version:  v12.16.2
[debug] [2020-06-06T18:32:05.487Z] Time:          Sat Jun 06 2020 23:32:05 GMT+0500 (Pakistan Standard Time)
[debug] [2020-06-06T18:32:05.487Z] ----------------------------------------------------------------------
[debug] [2020-06-06T18:32:05.487Z] 
[debug] [2020-06-06T18:32:05.550Z] > command requires scopes: ["email","openid","https://www.googleapis.com/auth/cloudplatformprojects.readonly","https://www.googleapis.com/auth/firebase","https://www.googleapis.com/auth/cloud-platform"]
[debug] [2020-06-06T18:32:05.551Z] > authorizing via signed-in user
[debug] [2020-06-06T18:32:05.551Z] [iam] checking project fablinkenterprises for permissions ["firebase.projects.get","firebasehosting.sites.update"]
[debug] [2020-06-06T18:32:05.553Z] > refreshing access token with scopes: ["email","https://www.googleapis.com/auth/cloud-platform","https://www.googleapis.com/auth/cloudplatformprojects.readonly","https://www.googleapis.com/auth/firebase","openid"]
[debug] [2020-06-06T18:32:05.554Z] >>> HTTP REQUEST POST https://www.googleapis.com/oauth2/v3/token  
 <request body omitted>
[debug] [2020-06-06T18:32:05.899Z] <<< HTTP RESPONSE 200 {"content-type":"application/json; charset=utf-8","vary":"X-Origin, Referer, Origin,Accept-Encoding","date":"Sat, 06 Jun 2020 18:32:04 GMT","server":"scaffolding on HTTPServer2","cache-control":"private","x-xss-protection":"0","x-frame-options":"SAMEORIGIN","x-content-type-options":"nosniff","alt-svc":"h3-27=\":443\"; ma=2592000,h3-25=\":443\"; ma=2592000,h3-T050=\":443\"; ma=2592000,h3-Q050=\":443\"; ma=2592000,h3-Q049=\":443\"; ma=2592000,h3-Q048=\":443\"; ma=2592000,h3-Q046=\":443\"; ma=2592000,h3-Q043=\":443\"; ma=2592000,quic=\":443\"; ma=2592000; v=\"46,43\"","accept-ranges":"none","transfer-encoding":"chunked"}
[debug] [2020-06-06T18:32:05.964Z] >>> HTTP REQUEST POST https://cloudresourcemanager.googleapis.com/v1/projects/fablinkenterprises:testIamPermissions  
 {"permissions":["firebase.projects.get","firebasehosting.sites.update"]}
[debug] [2020-06-06T18:32:07.461Z] <<< HTTP RESPONSE 200 {"content-type":"application/json; charset=UTF-8","vary":"X-Origin, Referer, Origin,Accept-Encoding","date":"Sat, 06 Jun 2020 18:32:05 GMT","server":"ESF","cache-control":"private","x-xss-protection":"0","x-frame-options":"SAMEORIGIN","x-content-type-options":"nosniff","server-timing":"gfet4t7; dur=1192","alt-svc":"h3-27=\":443\"; ma=2592000,h3-25=\":443\"; ma=2592000,h3-T050=\":443\"; ma=2592000,h3-Q050=\":443\"; ma=2592000,h3-Q049=\":443\"; ma=2592000,h3-Q048=\":443\"; ma=2592000,h3-Q046=\":443\"; ma=2592000,h3-Q043=\":443\"; ma=2592000,quic=\":443\"; ma=2592000; v=\"46,43\"","accept-ranges":"none","transfer-encoding":"chunked"}
[debug] [2020-06-06T18:32:07.462Z] >>> HTTP REQUEST GET https://firebase.googleapis.com/v1beta1/projects/fablinkenterprises  
 
[debug] [2020-06-06T18:32:07.995Z] <<< HTTP RESPONSE 200 {"content-type":"application/json; charset=UTF-8","vary":"X-Origin, Referer, Origin,Accept-Encoding","date":"Sat, 06 Jun 2020 18:32:06 GMT","server":"ESF","cache-control":"private","x-xss-protection":"0","x-frame-options":"SAMEORIGIN","x-content-type-options":"nosniff","alt-svc":"h3-27=\":443\"; ma=2592000,h3-25=\":443\"; ma=2592000,h3-T050=\":443\"; ma=2592000,h3-Q050=\":443\"; ma=2592000,h3-Q049=\":443\"; ma=2592000,h3-Q048=\":443\"; ma=2592000,h3-Q046=\":443\"; ma=2592000,h3-Q043=\":443\"; ma=2592000,quic=\":443\"; ma=2592000; v=\"46,43\"","accept-ranges":"none","transfer-encoding":"chunked"}
[info] 
[info] === Deploying to 'fablinkenterprises'...
[info] 
[info] i  deploying hosting
[debug] [2020-06-06T18:32:08.000Z] >>> HTTP REQUEST POST https://firebasehosting.googleapis.com/v1beta1/sites/fablinkenterprises/versions  
 {"config":{"rewrites":[{"glob":"**","path":"/index.html"}]},"labels":{"deployment-tool":"cli-firebase"}}
[debug] [2020-06-06T18:32:10.256Z] <<< HTTP RESPONSE 200 {"content-type":"application/json; charset=UTF-8","vary":"X-Origin, Referer, Origin,Accept-Encoding","date":"Sat, 06 Jun 2020 18:32:08 GMT","server":"ESF","cache-control":"private","x-xss-protection":"0","x-frame-options":"SAMEORIGIN","x-content-type-options":"nosniff","alt-svc":"h3-27=\":443\"; ma=2592000,h3-25=\":443\"; ma=2592000,h3-T050=\":443\"; ma=2592000,h3-Q050=\":443\"; ma=2592000,h3-Q049=\":443\"; ma=2592000,h3-Q048=\":443\"; ma=2592000,h3-Q046=\":443\"; ma=2592000,h3-Q043=\":443\"; ma=2592000,quic=\":443\"; ma=2592000; v=\"46,43\"","accept-ranges":"none","transfer-encoding":"chunked"}
[info] i  hosting[fablinkenterprises]: beginning deploy...
[info] i  hosting[fablinkenterprises]: found 80 files in public
[debug] [2020-06-06T18:32:13.136Z] [hosting] hash cache [cHVibGlj] stored for 80 files
[debug] [2020-06-06T18:32:13.139Z] [hosting][hash queue][FINAL] {"max":2808,"min":66,"avg":906.0875,"active":0,"complete":80,"success":80,"errored":0,"retried":0,"total":80,"elapsed":2820}
[debug] [2020-06-06T18:32:13.139Z] >>> HTTP REQUEST POST https://firebasehosting.googleapis.com/v1beta1/sites/fablinkenterprises/versions/d95404d44db83a6f:populateFiles  
 <request body omitted>
[debug] [2020-06-06T18:32:14.951Z] <<< HTTP RESPONSE 200 {"content-type":"application/json; charset=UTF-8","vary":"X-Origin, Referer, Origin,Accept-Encoding","date":"Sat, 06 Jun 2020 18:32:13 GMT","server":"ESF","cache-control":"private","x-xss-protection":"0","x-frame-options":"SAMEORIGIN","x-content-type-options":"nosniff","alt-svc":"h3-27=\":443\"; ma=2592000,h3-25=\":443\"; ma=2592000,h3-T050=\":443\"; ma=2592000,h3-Q050=\":443\"; ma=2592000,h3-Q049=\":443\"; ma=2592000,h3-Q048=\":443\"; ma=2592000,h3-Q046=\":443\"; ma=2592000,h3-Q043=\":443\"; ma=2592000,quic=\":443\"; ma=2592000; v=\"46,43\"","accept-ranges":"none","transfer-encoding":"chunked"}
[debug] [2020-06-06T18:32:14.978Z] [hosting][populate queue][FINAL] {"max":1824,"min":1824,"avg":1824,"active":0,"complete":1,"success":1,"errored":0,"retried":0,"total":1,"elapsed":1848}
[debug] [2020-06-06T18:32:14.978Z] [hosting] uploads queued: 56
